1731195843.804105 client started (36760): version 3.5a, socket /private/tmp/tmux-501/default, protocol 8
1731195843.804146 on Darwin 24.1.0 Darwin Kernel Version 24.1.0: Thu Oct 10 21:06:57 PDT 2024; root:xnu-11215.41.3~3/RELEASE_ARM64_T6041
1731195843.804157 using libevent 2.1.12-stable select
1731195843.804450 using utf8proc 2.9.0
1731195843.804459 using ncurses 6.4 20221231
1731195843.804475 flags are 0x10010000
1731195843.804480 socket is /private/tmp/tmux-501/default
1731195843.804489 trying connect
1731195843.804532 add peer 0x148008000: 6 (0x0)
1731195843.806304 sending message 111 to peer 0x148008000 (8 bytes)
1731195843.806313 sending message 111 to peer 0x148008000 (8 bytes)
1731195843.806320 sending message 101 to peer 0x148008000 (16 bytes)
1731195843.806325 sending message 109 to peer 0x148008000 (4 bytes)
1731195843.806329 sending message 102 to peer 0x148008000 (13 bytes)
1731195843.806333 sending message 108 to peer 0x148008000 (50 bytes)
1731195843.806337 sending message 112 to peer 0x148008000 (70 bytes)
1731195843.806341 sending message 112 to peer 0x148008000 (5 bytes)
1731195843.806344 sending message 112 to peer 0x148008000 (5 bytes)
1731195843.806348 sending message 112 to peer 0x148008000 (6 bytes)
1731195843.806352 sending message 112 to peer 0x148008000 (6 bytes)
1731195843.806355 sending message 112 to peer 0x148008000 (11 bytes)
1731195843.806359 sending message 112 to peer 0x148008000 (10 bytes)
1731195843.806363 sending message 112 to peer 0x148008000 (13 bytes)
1731195843.806366 sending message 112 to peer 0x148008000 (13 bytes)
1731195843.806370 sending message 112 to peer 0x148008000 (18 bytes)
1731195843.806376 sending message 112 to peer 0x148008000 (11 bytes)
1731195843.806379 sending message 112 to peer 0x148008000 (21 bytes)
1731195843.806383 sending message 112 to peer 0x148008000 (13 bytes)
1731195843.806386 sending message 112 to peer 0x148008000 (7 bytes)
1731195843.806390 sending message 112 to peer 0x148008000 (13 bytes)
1731195843.806394 sending message 112 to peer 0x148008000 (7 bytes)
1731195843.806398 sending message 112 to peer 0x148008000 (13 bytes)
1731195843.806401 sending message 112 to peer 0x148008000 (9 bytes)
1731195843.806405 sending message 112 to peer 0x148008000 (21 bytes)
1731195843.806408 sending message 112 to peer 0x148008000 (13 bytes)
1731195843.806412 sending message 112 to peer 0x148008000 (8 bytes)
1731195843.806416 sending message 112 to peer 0x148008000 (12 bytes)
1731195843.806419 sending message 112 to peer 0x148008000 (13 bytes)
1731195843.806423 sending message 112 to peer 0x148008000 (9 bytes)
1731195843.806426 sending message 112 to peer 0x148008000 (9 bytes)
1731195843.806430 sending message 112 to peer 0x148008000 (12 bytes)
1731195843.806434 sending message 112 to peer 0x148008000 (8 bytes)
1731195843.806437 sending message 112 to peer 0x148008000 (7 bytes)
1731195843.806441 sending message 112 to peer 0x148008000 (7 bytes)
1731195843.806445 sending message 112 to peer 0x148008000 (9 bytes)
1731195843.806449 sending message 112 to peer 0x148008000 (13 bytes)
1731195843.806453 sending message 112 to peer 0x148008000 (9 bytes)
1731195843.806457 sending message 112 to peer 0x148008000 (13 bytes)
1731195843.806461 sending message 112 to peer 0x148008000 (12 bytes)
1731195843.806465 sending message 112 to peer 0x148008000 (8 bytes)
1731195843.806469 sending message 112 to peer 0x148008000 (9 bytes)
1731195843.806472 sending message 112 to peer 0x148008000 (10 bytes)
1731195843.806476 sending message 112 to peer 0x148008000 (10 bytes)
1731195843.806480 sending message 112 to peer 0x148008000 (10 bytes)
1731195843.806484 sending message 112 to peer 0x148008000 (10 bytes)
1731195843.806487 sending message 112 to peer 0x148008000 (11 bytes)
1731195843.806491 sending message 112 to peer 0x148008000 (10 bytes)
1731195843.806495 sending message 112 to peer 0x148008000 (8 bytes)
1731195843.806498 sending message 112 to peer 0x148008000 (11 bytes)
1731195843.806502 sending message 112 to peer 0x148008000 (11 bytes)
1731195843.806505 sending message 112 to peer 0x148008000 (11 bytes)
1731195843.806515 sending message 112 to peer 0x148008000 (8 bytes)
1731195843.806518 sending message 112 to peer 0x148008000 (8 bytes)
1731195843.806521 sending message 112 to peer 0x148008000 (8 bytes)
1731195843.806524 sending message 112 to peer 0x148008000 (10 bytes)
1731195843.806527 sending message 112 to peer 0x148008000 (10 bytes)
1731195843.806529 sending message 112 to peer 0x148008000 (10 bytes)
1731195843.806533 sending message 112 to peer 0x148008000 (10 bytes)
1731195843.806537 sending message 112 to peer 0x148008000 (10 bytes)
1731195843.806541 sending message 112 to peer 0x148008000 (11 bytes)
1731195843.806544 sending message 112 to peer 0x148008000 (11 bytes)
1731195843.806547 sending message 112 to peer 0x148008000 (10 bytes)
1731195843.806551 sending message 112 to peer 0x148008000 (9 bytes)
1731195843.806554 sending message 112 to peer 0x148008000 (9 bytes)
1731195843.806557 sending message 112 to peer 0x148008000 (12 bytes)
1731195843.806560 sending message 112 to peer 0x148008000 (9 bytes)
1731195843.806564 sending message 112 to peer 0x148008000 (6 bytes)
1731195843.806567 sending message 112 to peer 0x148008000 (8 bytes)
1731195843.806569 sending message 112 to peer 0x148008000 (15 bytes)
1731195843.806572 sending message 112 to peer 0x148008000 (13 bytes)
1731195843.806574 sending message 112 to peer 0x148008000 (70 bytes)
1731195843.806577 sending message 112 to peer 0x148008000 (69 bytes)
1731195843.806579 sending message 112 to peer 0x148008000 (10 bytes)
1731195843.806582 sending message 112 to peer 0x148008000 (8 bytes)
1731195843.806585 sending message 112 to peer 0x148008000 (15 bytes)
1731195843.806587 sending message 112 to peer 0x148008000 (13 bytes)
1731195843.806590 sending message 112 to peer 0x148008000 (10 bytes)
1731195843.806593 sending message 112 to peer 0x148008000 (10 bytes)
1731195843.806596 sending message 112 to peer 0x148008000 (5 bytes)
1731195843.806599 sending message 112 to peer 0x148008000 (5 bytes)
1731195843.806602 sending message 104 to peer 0x148008000 (0 bytes)
1731195843.806606 sending message 110 to peer 0x148008000 (0 bytes)
1731195843.806608 sending message 107 to peer 0x148008000 (4 bytes)
1731195843.806611 sending message 105 to peer 0x148008000 (20 bytes)
1731195843.806614 sending message 105 to peer 0x148008000 (22 bytes)
1731195843.806616 sending message 105 to peer 0x148008000 (12 bytes)
1731195843.806620 sending message 105 to peer 0x148008000 (21 bytes)
1731195843.806622 sending message 105 to peer 0x148008000 (15 bytes)
1731195843.806625 sending message 105 to peer 0x148008000 (72 bytes)
1731195843.806628 sending message 105 to peer 0x148008000 (16 bytes)
1731195843.806631 sending message 105 to peer 0x148008000 (60 bytes)
1731195843.806634 sending message 105 to peer 0x148008000 (18 bytes)
1731195843.806637 sending message 105 to peer 0x148008000 (17 bytes)
1731195843.806639 sending message 105 to peer 0x148008000 (11 bytes)
1731195843.806642 sending message 105 to peer 0x148008000 (89 bytes)
1731195843.806645 sending message 105 to peer 0x148008000 (76 bytes)
1731195843.806647 sending message 105 to peer 0x148008000 (66 bytes)
1731195843.806650 sending message 105 to peer 0x148008000 (18 bytes)
1731195843.806653 sending message 105 to peer 0x148008000 (53 bytes)
1731195843.806656 sending message 105 to peer 0x148008000 (55 bytes)
1731195843.806659 sending message 105 to peer 0x148008000 (57 bytes)
1731195843.806661 sending message 105 to peer 0x148008000 (14 bytes)
1731195843.806665 sending message 105 to peer 0x148008000 (261 bytes)
1731195843.806668 sending message 105 to peer 0x148008000 (54 bytes)
1731195843.806672 sending message 105 to peer 0x148008000 (15 bytes)
1731195843.806675 sending message 105 to peer 0x148008000 (8 bytes)
1731195843.806678 sending message 105 to peer 0x148008000 (66 bytes)
1731195843.806680 sending message 105 to peer 0x148008000 (38 bytes)
1731195843.806683 sending message 105 to peer 0x148008000 (19 bytes)
1731195843.806686 sending message 105 to peer 0x148008000 (21 bytes)
1731195843.806690 sending message 105 to peer 0x148008000 (67 bytes)
1731195843.806700 sending message 105 to peer 0x148008000 (155 bytes)
1731195843.806703 sending message 105 to peer 0x148008000 (18 bytes)
1731195843.806707 sending message 105 to peer 0x148008000 (26 bytes)
1731195843.806711 sending message 105 to peer 0x148008000 (57 bytes)
1731195843.806713 sending message 105 to peer 0x148008000 (43 bytes)
1731195843.806716 sending message 105 to peer 0x148008000 (43 bytes)
1731195843.806719 sending message 105 to peer 0x148008000 (55 bytes)
1731195843.806722 sending message 105 to peer 0x148008000 (13 bytes)
1731195843.806724 sending message 105 to peer 0x148008000 (45 bytes)
1731195843.806727 sending message 105 to peer 0x148008000 (42 bytes)
1731195843.806730 sending message 105 to peer 0x148008000 (8 bytes)
1731195843.806733 sending message 105 to peer 0x148008000 (15 bytes)
1731195843.806735 sending message 105 to peer 0x148008000 (116 bytes)
1731195843.806738 sending message 105 to peer 0x148008000 (368 bytes)
1731195843.806741 sending message 105 to peer 0x148008000 (14 bytes)
1731195843.806744 sending message 105 to peer 0x148008000 (19 bytes)
1731195843.806747 sending message 105 to peer 0x148008000 (42 bytes)
1731195843.806750 sending message 105 to peer 0x148008000 (38 bytes)
1731195843.806753 sending message 105 to peer 0x148008000 (25 bytes)
1731195843.806756 sending message 105 to peer 0x148008000 (29 bytes)
1731195843.806759 sending message 105 to peer 0x148008000 (36 bytes)
1731195843.806762 sending message 105 to peer 0x148008000 (26 bytes)
1731195843.806766 sending message 105 to peer 0x148008000 (34 bytes)
1731195843.806769 sending message 105 to peer 0x148008000 (39 bytes)
1731195843.806772 sending message 105 to peer 0x148008000 (39 bytes)
1731195843.806775 sending message 105 to peer 0x148008000 (38 bytes)
1731195843.806778 sending message 105 to peer 0x148008000 (40 bytes)
1731195843.806781 sending message 105 to peer 0x148008000 (38 bytes)
1731195843.806784 sending message 105 to peer 0x148008000 (41 bytes)
1731195843.806787 sending message 105 to peer 0x148008000 (40 bytes)
1731195843.806790 sending message 105 to peer 0x148008000 (37 bytes)
1731195843.806792 sending message 105 to peer 0x148008000 (39 bytes)
1731195843.806795 sending message 105 to peer 0x148008000 (44 bytes)
1731195843.806797 sending message 105 to peer 0x148008000 (35 bytes)
1731195843.806800 sending message 105 to peer 0x148008000 (48 bytes)
1731195843.806803 sending message 105 to peer 0x148008000 (41 bytes)
1731195843.806805 sending message 105 to peer 0x148008000 (47 bytes)
1731195843.806808 sending message 105 to peer 0x148008000 (40 bytes)
1731195843.806811 sending message 105 to peer 0x148008000 (24 bytes)
1731195843.806814 sending message 105 to peer 0x148008000 (37 bytes)
1731195843.806816 sending message 105 to peer 0x148008000 (31 bytes)
1731195843.806819 sending message 105 to peer 0x148008000 (33 bytes)
1731195843.806822 sending message 105 to peer 0x148008000 (34 bytes)
1731195843.806826 sending message 105 to peer 0x148008000 (34 bytes)
1731195843.806829 sending message 105 to peer 0x148008000 (34 bytes)
1731195843.806832 sending message 105 to peer 0x148008000 (34 bytes)
1731195843.806834 sending message 105 to peer 0x148008000 (34 bytes)
1731195843.806837 sending message 105 to peer 0x148008000 (34 bytes)
1731195843.806840 sending message 105 to peer 0x148008000 (34 bytes)
1731195843.806843 sending message 105 to peer 0x148008000 (34 bytes)
1731195843.806846 sending message 105 to peer 0x148008000 (33 bytes)
1731195843.806849 sending message 105 to peer 0x148008000 (33 bytes)
1731195843.806851 sending message 105 to peer 0x148008000 (33 bytes)
1731195843.806854 sending message 105 to peer 0x148008000 (33 bytes)
1731195843.806857 sending message 105 to peer 0x148008000 (33 bytes)
1731195843.806860 sending message 105 to peer 0x148008000 (33 bytes)
1731195843.806863 sending message 105 to peer 0x148008000 (33 bytes)
1731195843.806866 sending message 105 to peer 0x148008000 (33 bytes)
1731195843.806868 sending message 105 to peer 0x148008000 (40 bytes)
1731195843.806878 sending message 105 to peer 0x148008000 (45 bytes)
1731195843.806882 sending message 105 to peer 0x148008000 (37 bytes)
1731195843.806885 sending message 105 to peer 0x148008000 (37 bytes)
1731195843.806889 sending message 105 to peer 0x148008000 (34 bytes)
1731195843.806892 sending message 105 to peer 0x148008000 (35 bytes)
1731195843.806896 sending message 105 to peer 0x148008000 (42 bytes)
1731195843.806901 sending message 105 to peer 0x148008000 (43 bytes)
1731195843.806905 sending message 105 to peer 0x148008000 (43 bytes)
1731195843.806909 sending message 105 to peer 0x148008000 (35 bytes)
1731195843.806912 sending message 105 to peer 0x148008000 (31 bytes)
1731195843.806915 sending message 105 to peer 0x148008000 (32 bytes)
1731195843.806917 sending message 105 to peer 0x148008000 (32 bytes)
1731195843.806920 sending message 105 to peer 0x148008000 (26 bytes)
1731195843.806922 sending message 105 to peer 0x148008000 (32 bytes)
1731195843.806925 sending message 105 to peer 0x148008000 (30 bytes)
1731195843.806928 sending message 105 to peer 0x148008000 (30 bytes)
1731195843.806931 sending message 105 to peer 0x148008000 (28 bytes)
1731195843.806935 sending message 105 to peer 0x148008000 (34 bytes)
1731195843.806938 sending message 105 to peer 0x148008000 (32 bytes)
1731195843.806940 sending message 105 to peer 0x148008000 (32 bytes)
1731195843.806944 sending message 105 to peer 0x148008000 (98 bytes)
1731195843.806948 sending message 105 to peer 0x148008000 (46 bytes)
1731195843.806950 sending message 105 to peer 0x148008000 (36 bytes)
1731195843.806953 sending message 105 to peer 0x148008000 (39 bytes)
1731195843.806955 sending message 105 to peer 0x148008000 (39 bytes)
1731195843.806961 sending message 105 to peer 0x148008000 (27 bytes)
1731195843.806964 sending message 105 to peer 0x148008000 (33 bytes)
1731195843.806966 sending message 105 to peer 0x148008000 (31 bytes)
1731195843.806969 sending message 105 to peer 0x148008000 (31 bytes)
1731195843.806971 sending message 105 to peer 0x148008000 (38 bytes)
1731195843.806974 sending message 105 to peer 0x148008000 (38 bytes)
1731195843.806976 sending message 105 to peer 0x148008000 (23 bytes)
1731195843.806979 sending message 105 to peer 0x148008000 (37 bytes)
1731195843.806981 sending message 105 to peer 0x148008000 (29 bytes)
1731195843.806984 sending message 105 to peer 0x148008000 (29 bytes)
1731195843.806986 sending message 105 to peer 0x148008000 (33 bytes)
1731195843.806989 sending message 105 to peer 0x148008000 (34 bytes)
1731195843.806991 sending message 105 to peer 0x148008000 (34 bytes)
1731195843.806994 sending message 105 to peer 0x148008000 (151 bytes)
1731195843.806997 sending message 105 to peer 0x148008000 (48 bytes)
1731195843.806999 sending message 105 to peer 0x148008000 (55 bytes)
1731195843.807002 sending message 105 to peer 0x148008000 (55 bytes)
1731195843.807005 sending message 105 to peer 0x148008000 (237 bytes)
1731195843.807007 sending message 105 to peer 0x148008000 (49 bytes)
1731195843.807010 sending message 105 to peer 0x148008000 (56 bytes)
1731195843.807013 sending message 105 to peer 0x148008000 (56 bytes)
1731195843.807016 sending message 105 to peer 0x148008000 (33 bytes)
1731195843.807019 sending message 105 to peer 0x148008000 (39 bytes)
1731195843.807023 sending message 105 to peer 0x148008000 (37 bytes)
1731195843.807026 sending message 105 to peer 0x148008000 (37 bytes)
1731195843.807029 sending message 105 to peer 0x148008000 (51 bytes)
1731195843.807031 sending message 105 to peer 0x148008000 (34 bytes)
1731195843.807034 sending message 105 to peer 0x148008000 (34 bytes)
1731195843.807038 sending message 105 to peer 0x148008000 (55 bytes)
1731195843.807042 sending message 105 to peer 0x148008000 (50 bytes)
1731195843.807046 sending message 105 to peer 0x148008000 (50 bytes)
1731195843.807049 sending message 105 to peer 0x148008000 (40 bytes)
1731195843.807053 sending message 105 to peer 0x148008000 (51 bytes)
1731195843.807057 sending message 105 to peer 0x148008000 (46 bytes)
1731195843.807067 sending message 105 to peer 0x148008000 (46 bytes)
1731195843.807070 sending message 105 to peer 0x148008000 (41 bytes)
1731195843.807072 sending message 105 to peer 0x148008000 (48 bytes)
1731195843.807075 sending message 105 to peer 0x148008000 (49 bytes)
1731195843.807079 sending message 105 to peer 0x148008000 (49 bytes)
1731195843.807083 sending message 105 to peer 0x148008000 (153 bytes)
1731195843.807086 sending message 105 to peer 0x148008000 (41 bytes)
1731195843.807089 sending message 105 to peer 0x148008000 (145 bytes)
1731195843.807091 sending message 105 to peer 0x148008000 (45 bytes)
1731195843.807095 sending message 105 to peer 0x148008000 (46 bytes)
1731195843.807098 sending message 105 to peer 0x148008000 (46 bytes)
1731195843.807101 sending message 105 to peer 0x148008000 (43 bytes)
1731195843.807105 sending message 105 to peer 0x148008000 (40 bytes)
1731195843.807109 sending message 105 to peer 0x148008000 (40 bytes)
1731195843.807111 sending message 105 to peer 0x148008000 (45 bytes)
1731195843.807114 sending message 105 to peer 0x148008000 (34 bytes)
1731195843.807117 sending message 106 to peer 0x148008000 (0 bytes)
1731195843.807161 sending message 200 to peer 0x148008000 (4 bytes)
1731195843.807167 client loop enter
1731195843.807420 peer 0x148008000 message 303
1731195843.807426 open write file 2 -
1731195843.807436 sending message 305 to peer 0x148008000 (8 bytes)
1731195843.807443 write check file 2
1731195843.807469 peer 0x148008000 message 304
1731195843.807473 write 58 to file 2
1731195843.807477 peer 0x148008000 message 203
1731195843.807480 file 2 58 bytes left
1731195843.807490 write check file 2
1731195843.807493 client loop exit
